<?xml version="1.0" encoding="UTF-8"?>
<!-- Generated by org.testng.reporters.JUnitReportReporter -->
<testsuite hostname="LAPTOP-9KVBJ35C" failures="0" tests="1" name="Test.NewTest" time="6.443" errors="0" timestamp="2022-09-25T15:22:50 IST" skipped="0">
  <testcase classname="Test.NewTest" name="test" time="6.443"/>
  <system-out/>
</testsuite> <!-- Test.NewTest -->
